TN:
SF:src/modi-pr7/adaptador.ts
FN:8,<instance_members_initializer>
FN:25,<instance_members_initializer>
FN:29,Complex
FN:34,add
FN:38,substract
FN:42,multiply
FN:46,divide
FN:50,getReal
FN:54,getImaginary
FN:60,<instance_members_initializer>
FN:64,Rational
FN:69,add
FN:73,substract
FN:77,multiply
FN:81,divide
FN:85,getNum
FN:89,getDen
FN:94,<instance_members_initializer>
FN:95,Adapter
FNF:19
FNH:14
FNDA:0,<instance_members_initializer>
FNDA:16,<instance_members_initializer>
FNDA:16,Complex
FNDA:2,add
FNDA:1,substract
FNDA:1,multiply
FNDA:1,divide
FNDA:5,getReal
FNDA:5,getImaginary
FNDA:7,<instance_members_initializer>
FNDA:7,Rational
FNDA:0,add
FNDA:0,substract
FNDA:0,multiply
FNDA:0,divide
FNDA:7,getNum
FNDA:7,getDen
FNDA:7,<instance_members_initializer>
FNDA:7,Adapter
DA:1,1
DA:2,1
DA:3,1
DA:4,1
DA:5,1
DA:6,1
DA:7,1
DA:8,1
DA:9,0
DA:10,0
DA:11,0
DA:12,0
DA:13,0
DA:14,0
DA:15,0
DA:16,0
DA:17,0
DA:18,0
DA:19,0
DA:20,0
DA:21,0
DA:22,0
DA:23,0
DA:24,1
DA:25,1
DA:26,16
DA:27,16
DA:28,16
DA:29,16
DA:30,16
DA:31,16
DA:32,16
DA:33,16
DA:34,16
DA:35,2
DA:36,2
DA:37,16
DA:38,16
DA:39,1
DA:40,1
DA:41,16
DA:42,16
DA:43,1
DA:44,1
DA:45,16
DA:46,16
DA:47,1
DA:48,1
DA:49,16
DA:50,16
DA:51,5
DA:52,5
DA:53,16
DA:54,16
DA:55,5
DA:56,5
DA:57,16
DA:58,16
DA:59,1
DA:60,1
DA:61,7
DA:62,7
DA:63,7
DA:64,7
DA:65,7
DA:66,7
DA:67,7
DA:68,7
DA:69,7
DA:70,0
DA:71,0
DA:72,7
DA:73,7
DA:74,0
DA:75,0
DA:76,7
DA:77,7
DA:78,0
DA:79,0
DA:80,7
DA:81,7
DA:82,0
DA:83,0
DA:84,7
DA:85,7
DA:86,7
DA:87,7
DA:88,7
DA:89,7
DA:90,7
DA:91,7
DA:92,7
DA:93,1
DA:94,1
DA:95,7
DA:96,7
DA:97,7
DA:98,7
DA:99,7
DA:100,7
DA:101,7
DA:102,7
DA:103,7
DA:104,7
DA:105,7
DA:106,7
DA:107,7
DA:108,7
DA:109,7
DA:110,7
DA:111,7
DA:112,7
DA:113,7
DA:114,7
DA:115,7
DA:116,7
DA:117,7
DA:118,7
DA:119,7
DA:120,7
DA:121,7
DA:122,7
DA:123,7
DA:124,1
DA:125,1
DA:126,1
DA:127,1
DA:128,1
DA:129,1
DA:130,1
DA:131,1
LF:131
LH:108
BRDA:8,0,0,0
BRDA:25,1,0,16
BRDA:29,2,0,16
BRDA:34,3,0,2
BRDA:38,4,0,1
BRDA:42,5,0,1
BRDA:46,6,0,1
BRDA:50,7,0,5
BRDA:54,8,0,5
BRDA:60,9,0,7
BRDA:64,10,0,7
BRDA:85,11,0,7
BRDA:89,12,0,7
BRDA:94,13,0,7
BRDA:95,14,0,7
BRF:15
BRH:14
end_of_record
TN:
SF:src/modi-pr8/observer.ts
FN:16,<instance_members_initializer>
FN:19,ClassObservable
FN:21,getId
FN:25,getName
FN:29,subscribe
FN:37,unsubscribe
FN:46,notify
FN:52,<instance_members_initializer>
FN:53,ClassObserver
FN:55,getId
FN:58,getName
FN:62,update
FN:67,<instance_members_initializer>
FN:68,StringEvent
FN:70,toString
FN:75,<instance_members_initializer>
FN:76,NumberEvent
FN:78,toString
FNF:18
FNH:14
FNDA:4,<instance_members_initializer>
FNDA:4,ClassObservable
FNDA:0,getId
FNDA:0,getName
FNDA:4,subscribe
FNDA:2,unsubscribe
FNDA:3,notify
FNDA:4,<instance_members_initializer>
FNDA:4,ClassObserver
FNDA:0,getId
FNDA:0,getName
FNDA:2,update
FNDA:1,<instance_members_initializer>
FNDA:1,StringEvent
FNDA:1,toString
FNDA:2,<instance_members_initializer>
FNDA:2,NumberEvent
FNDA:1,toString
DA:1,1
DA:2,1
DA:3,1
DA:4,1
DA:5,1
DA:6,1
DA:7,1
DA:8,1
DA:9,1
DA:10,1
DA:11,1
DA:12,1
DA:13,1
DA:14,1
DA:15,1
DA:16,1
DA:17,4
DA:18,4
DA:19,4
DA:20,4
DA:21,4
DA:22,0
DA:23,0
DA:24,4
DA:25,4
DA:26,0
DA:27,0
DA:28,4
DA:29,4
DA:30,4
DA:31,0
DA:32,4
DA:33,4
DA:34,4
DA:35,4
DA:36,4
DA:37,4
DA:38,2
DA:39,2
DA:40,0
DA:41,2
DA:42,2
DA:43,2
DA:44,2
DA:45,4
DA:46,4
DA:47,3
DA:48,3
DA:49,4
DA:50,1
DA:51,1
DA:52,1
DA:53,4
DA:54,4
DA:55,4
DA:56,0
DA:57,0
DA:58,4
DA:59,0
DA:60,0
DA:61,4
DA:62,4
DA:63,2
DA:64,2
DA:65,4
DA:66,1
DA:67,1
DA:68,1
DA:69,1
DA:70,1
DA:71,1
DA:72,1
DA:73,1
DA:74,1
DA:75,1
DA:76,2
DA:77,2
DA:78,2
DA:79,1
DA:80,1
DA:81,2
DA:82,1
DA:83,1
DA:84,1
DA:85,1
DA:86,1
DA:87,1
DA:88,1
DA:89,1
DA:90,1
DA:91,1
DA:92,1
DA:93,1
DA:94,1
DA:95,1
DA:96,1
DA:97,1
LF:97
LH:87
BRDA:16,0,0,4
BRDA:19,1,0,4
BRDA:29,2,0,4
BRDA:30,3,0,0
BRDA:37,4,0,2
BRDA:39,5,0,0
BRDA:46,6,0,3
BRDA:47,7,0,2
BRDA:52,8,0,4
BRDA:53,9,0,4
BRDA:62,10,0,2
BRDA:67,11,0,1
BRDA:68,12,0,1
BRDA:70,13,0,1
BRDA:75,14,0,2
BRDA:76,15,0,2
BRDA:78,16,0,1
BRF:17
BRH:15
end_of_record
